Mon May 19 00:46:59 CST 2025
MaxEnt version 3.4.4
Checking header of /Volumes/Rui's Mac/two_species/test/T-env_layers_asc/chl.asc
Checking header of /Volumes/Rui's Mac/two_species/test/T-env_layers_asc/distance.asc
Checking header of /Volumes/Rui's Mac/two_species/test/T-env_layers_asc/no3.asc
Checking header of /Volumes/Rui's Mac/two_species/test/T-env_layers_asc/o2.asc
Checking header of /Volumes/Rui's Mac/two_species/test/T-env_layers_asc/phyc.asc
Checking header of /Volumes/Rui's Mac/two_species/test/T-env_layers_asc/po4.asc
Checking header of /Volumes/Rui's Mac/two_species/test/T-env_layers_asc/si.asc
Checking header of /Volumes/Rui's Mac/two_species/test/T-env_layers_asc/so.asc
Checking header of /Volumes/Rui's Mac/two_species/test/T-env_layers_asc/thetao.asc
Reading samples from Am.languida_cleaned.csv
Read samples: max memory 4294967296, total allocated 465567744, free 121161840, used 344405904, increment -1524160
Extractor: max memory 4294967296, total allocated 465567744, free 120229224, used 345338520, increment 932616
Extracting random background and sample data
Time since start: 1.077
3132700 points with values for all grids
Adding samples to background in feature space
Command line used: 
Command line to repeat: java density.MaxEnt nowarnings noprefixes responsecurves jackknife outputformat=logistic "outputdirectory=/Volumes/Rui's Mac/two_species/test/T-output_Amlanguida" "samplesfile=/Volumes/Rui's Mac/two_species/test/T-cleaned_points/Am.languida_cleaned.csv" "environmentallayers=/Volumes/Rui's Mac/two_species/test/T-env_layers_asc" randomseed randomtestpoints=25 betamultiplier=2.0 noautofeature
Species: Am.languida
Layers: chl distance no3 o2 phyc po4 si so thetao
Layertypes: Continuous Continuous Continuous Continuous Continuous Continuous Continuous Continuous Continuous
responsecurves: true
jackknife: true
outputformat: logistic
outputdirectory: /Volumes/Rui's Mac/two_species/test/T-output_Amlanguida
samplesfile: /Volumes/Rui's Mac/two_species/test/T-cleaned_points/Am.languida_cleaned.csv
environmentallayers: /Volumes/Rui's Mac/two_species/test/T-env_layers_asc
randomseed: true
randomtestpoints: 25
betamultiplier: 2.0
autofeature: false

getSamples: max memory 4294967296, total allocated 465567744, free 86112192, used 379455552, increment 34117032
Making features
makeFeatures: max memory 4294967296, total allocated 465567744, free 79931872, used 385635872, increment 6180320
Am.languida: 
Regularization values: linear/quadratic/product: 1.700, categorical: 0.515, threshold: 1.910, hinge: 0.500
9 samples
Density: max memory 4294967296, total allocated 465567744, free 65844856, used 399722888, increment 14087016
linearPredictor: max memory 4294967296, total allocated 465567744, free 65764768, used 399802976, increment 80088
FeaturedSpace: max memory 4294967296, total allocated 465567744, free 65764768, used 399802976, increment 0
Sequential: max memory 4294967296, total allocated 465567744, free 65764768, used 399802976, increment 0
Initial loss: 9.211239967219019
Initial test loss: 9.211239967219019
Time since start: 3.415
120: time = 2.262000 loss = 8.396813 testLoss 7.270687
Resulting gain: 0.8144267803995007
Projecting...
Writing file /Volumes/Rui's Mac/two_species/test/T-output_Amlanguida/Am.languida.asc
Time since start: 6.814
Writing /Volumes/Rui's Mac/two_species/test/T-output_Amlanguida/plots/Am.languida.png
Am.languida response curves
Response curve: only chl
Making features
makeFeatures: max memory 4294967296, total allocated 558891008, free 65934752, used 492956256, increment 93153280
Am.languida chl: 
Regularization values: linear/quadratic/product: 1.700, categorical: 0.515, threshold: 1.910, hinge: 0.500
9 samples
Density: max memory 4294967296, total allocated 558891008, free 64139240, used 494751768, increment 1795512
linearPredictor: max memory 4294967296, total allocated 558891008, free 64059152, used 494831856, increment 80088
FeaturedSpace: max memory 4294967296, total allocated 558891008, free 64059152, used 494831856, increment 0
Sequential: max memory 4294967296, total allocated 558891008, free 64059152, used 494831856, increment 0
Initial loss: 9.211239967219019
Time since start: 7.89
100: time = 0.388000 loss = 8.757785
Resulting gain: 0.4534545667846839
Am.languida response curves
Response curve: only distance
Making features
makeFeatures: max memory 4294967296, total allocated 558891008, free 80236056, used 478654952, increment -16176904
Am.languida distance: 
Regularization values: linear/quadratic/product: 1.700, categorical: 0.515, threshold: 1.910, hinge: 0.500
9 samples
Density: max memory 4294967296, total allocated 558891008, free 79327384, used 479563624, increment 908672
linearPredictor: max memory 4294967296, total allocated 558891008, free 79327384, used 479563624, increment 0
FeaturedSpace: max memory 4294967296, total allocated 558891008, free 79327384, used 479563624, increment 0
Sequential: max memory 4294967296, total allocated 558891008, free 79327384, used 479563624, increment 0
Initial loss: 9.211239967219019
80: time = 0.170000 loss = 9.036488
Resulting gain: 0.17475193653473475
Am.languida response curves
Response curve: only no3
Making features
makeFeatures: max memory 4294967296, total allocated 558891008, free 87793968, used 471097040, increment -8466584
Am.languida no3: 
Regularization values: linear/quadratic/product: 1.700, categorical: 0.515, threshold: 1.910, hinge: 0.500
9 samples
Density: max memory 4294967296, total allocated 558891008, free 86121896, used 472769112, increment 1672072
linearPredictor: max memory 4294967296, total allocated 558891008, free 86041808, used 472849200, increment 80088
FeaturedSpace: max memory 4294967296, total allocated 558891008, free 86041808, used 472849200, increment 0
Sequential: max memory 4294967296, total allocated 558891008, free 86041808, used 472849200, increment 0
Initial loss: 9.211239967219019
160: time = 0.555000 loss = 8.581663
Resulting gain: 0.6295767877411471
Am.languida response curves
Response curve: only o2
Making features
makeFeatures: max memory 4294967296, total allocated 558891008, free 66076040, used 492814968, increment 19965768
Am.languida o2: 
Regularization values: linear/quadratic/product: 1.700, categorical: 0.515, threshold: 1.910, hinge: 0.500
9 samples
Density: max memory 4294967296, total allocated 558891008, free 64547640, used 494343368, increment 1528400
linearPredictor: max memory 4294967296, total allocated 558891008, free 64467552, used 494423456, increment 80088
FeaturedSpace: max memory 4294967296, total allocated 558891008, free 64467552, used 494423456, increment 0
Sequential: max memory 4294967296, total allocated 558891008, free 64467552, used 494423456, increment 0
Initial loss: 9.211239967219019
Time since start: 8.911
60: time = 0.246000 loss = 8.566034
Resulting gain: 0.6452054735131298
Am.languida response curves
Response curve: only phyc
Making features
makeFeatures: max memory 4294967296, total allocated 558891008, free 59434880, used 499456128, increment 5032672
Am.languida phyc: 
Regularization values: linear/quadratic/product: 1.700, categorical: 0.515, threshold: 1.910, hinge: 0.500
9 samples
Density: max memory 4294967296, total allocated 558891008, free 57808232, used 501082776, increment 1626648
linearPredictor: max memory 4294967296, total allocated 558891008, free 57728144, used 501162864, increment 80088
FeaturedSpace: max memory 4294967296, total allocated 558891008, free 57728144, used 501162864, increment 0
Sequential: max memory 4294967296, total allocated 558891008, free 57728144, used 501162864, increment 0
Initial loss: 9.211239967219019
100: time = 0.393000 loss = 8.706224
Resulting gain: 0.5050164379299122
Am.languida response curves
Response curve: only po4
Making features
makeFeatures: max memory 4294967296, total allocated 558891008, free 51950512, used 506940496, increment 5777632
Am.languida po4: 
Regularization values: linear/quadratic/product: 1.700, categorical: 0.515, threshold: 1.910, hinge: 0.500
9 samples
Density: max memory 4294967296, total allocated 558891008, free 50386056, used 508504952, increment 1564456
linearPredictor: max memory 4294967296, total allocated 558891008, free 50305968, used 508585040, increment 80088
FeaturedSpace: max memory 4294967296, total allocated 558891008, free 50305968, used 508585040, increment 0
Sequential: max memory 4294967296, total allocated 558891008, free 50305968, used 508585040, increment 0
Initial loss: 9.211239967219019
40: time = 0.168000 loss = 9.209393
Resulting gain: 0.0018474174633933416
Am.languida response curves
Response curve: only si
Making features
makeFeatures: max memory 4294967296, total allocated 671088640, free 134630040, used 536458600, increment 27873560
Am.languida si: 
Regularization values: linear/quadratic/product: 1.700, categorical: 0.515, threshold: 1.910, hinge: 0.500
9 samples
Density: max memory 4294967296, total allocated 671088640, free 132957936, used 538130704, increment 1672104
linearPredictor: max memory 4294967296, total allocated 671088640, free 132877848, used 538210792, increment 80088
FeaturedSpace: max memory 4294967296, total allocated 671088640, free 132877848, used 538210792, increment 0
Sequential: max memory 4294967296, total allocated 671088640, free 132877848, used 538210792, increment 0
Initial loss: 9.211239967219019
60: time = 0.285000 loss = 8.817536
Resulting gain: 0.39370416513645345
Am.languida response curves
Response curve: only so
Making features
makeFeatures: max memory 4294967296, total allocated 671088640, free 110376208, used 560712432, increment 22501640
Am.languida so: 
Regularization values: linear/quadratic/product: 1.700, categorical: 0.515, threshold: 1.910, hinge: 0.500
9 samples
Density: max memory 4294967296, total allocated 671088640, free 172036360, used 499052280, increment -61660152
linearPredictor: max memory 4294967296, total allocated 671088640, free 171956272, used 499132368, increment 80088
FeaturedSpace: max memory 4294967296, total allocated 671088640, free 171956272, used 499132368, increment 0
Sequential: max memory 4294967296, total allocated 671088640, free 171956272, used 499132368, increment 0
Initial loss: 9.211239967219019
Time since start: 10.156
80: time = 0.329000 loss = 8.523606
Resulting gain: 0.6876338558717574
Am.languida response curves
Response curve: only thetao
Making features
makeFeatures: max memory 4294967296, total allocated 671088640, free 120568712, used 550519928, increment 51387560
Am.languida thetao: 
Regularization values: linear/quadratic/product: 1.700, categorical: 0.515, threshold: 1.910, hinge: 0.500
9 samples
Density: max memory 4294967296, total allocated 671088640, free 119131744, used 551956896, increment 1436968
linearPredictor: max memory 4294967296, total allocated 671088640, free 119051656, used 552036984, increment 80088
FeaturedSpace: max memory 4294967296, total allocated 671088640, free 119051656, used 552036984, increment 0
Sequential: max memory 4294967296, total allocated 671088640, free 119051656, used 552036984, increment 0
Initial loss: 9.211239967219019
100: time = 0.375000 loss = 8.724012
Resulting gain: 0.4872284610691793
Am.languida response curves
Jackknife: leave chl out
Making features
makeFeatures: max memory 4294967296, total allocated 671088640, free 138805936, used 532282704, increment -19754280
Am.languida chl: 
Regularization values: linear/quadratic/product: 1.700, categorical: 0.515, threshold: 1.910, hinge: 0.500
9 samples
Density: max memory 4294967296, total allocated 671088640, free 126586648, used 544501992, increment 12219288
linearPredictor: max memory 4294967296, total allocated 671088640, free 126506560, used 544582080, increment 80088
FeaturedSpace: max memory 4294967296, total allocated 671088640, free 126506560, used 544582080, increment 0
Sequential: max memory 4294967296, total allocated 671088640, free 126506560, used 544582080, increment 0
Initial loss: 9.211239967219019
Initial test loss: 9.211239967219019
Time since start: 12.695
120: time = 1.989000 loss = 8.396813 testLoss 7.270687
Jackknife: leave distance out
Making features
makeFeatures: max memory 4294967296, total allocated 671088640, free 128104680, used 542983960, increment -1598120
Am.languida distance: 
Regularization values: linear/quadratic/product: 1.700, categorical: 0.515, threshold: 1.910, hinge: 0.500
9 samples
Density: max memory 4294967296, total allocated 671088640, free 115108016, used 555980624, increment 12996664
linearPredictor: max memory 4294967296, total allocated 671088640, free 115027928, used 556060712, increment 80088
FeaturedSpace: max memory 4294967296, total allocated 671088640, free 115027928, used 556060712, increment 0
Sequential: max memory 4294967296, total allocated 671088640, free 115027928, used 556060712, increment 0
Initial loss: 9.211239967219019
Initial test loss: 9.211239967219019
Time since start: 17.721
280: time = 4.960000 loss = 8.409869 testLoss 7.444226
Jackknife: leave no3 out
Making features
makeFeatures: max memory 4294967296, total allocated 671088640, free 53951384, used 617137256, increment 61076544
Am.languida no3: 
Regularization values: linear/quadratic/product: 1.700, categorical: 0.515, threshold: 1.910, hinge: 0.500
9 samples
Density: max memory 4294967296, total allocated 671088640, free 58931560, used 612157080, increment -4980176
linearPredictor: max memory 4294967296, total allocated 671088640, free 58851472, used 612237168, increment 80088
FeaturedSpace: max memory 4294967296, total allocated 671088640, free 58851472, used 612237168, increment 0
Sequential: max memory 4294967296, total allocated 671088640, free 58851472, used 612237168, increment 0
Initial loss: 9.211239967219019
Initial test loss: 9.211239967219019
Time since start: 21.189
200: time = 3.401000 loss = 8.406106 testLoss 7.301020
Jackknife: leave o2 out
Making features
makeFeatures: max memory 4294967296, total allocated 671088640, free 577653472, used 93435168, increment -518802000
Am.languida o2: 
Regularization values: linear/quadratic/product: 1.700, categorical: 0.515, threshold: 1.910, hinge: 0.500
9 samples
Density: max memory 4294967296, total allocated 671088640, free 565334096, used 105754544, increment 12319376
linearPredictor: max memory 4294967296, total allocated 671088640, free 565254008, used 105834632, increment 80088
FeaturedSpace: max memory 4294967296, total allocated 671088640, free 565254008, used 105834632, increment 0
Sequential: max memory 4294967296, total allocated 671088640, free 565254008, used 105834632, increment 0
Initial loss: 9.211239967219019
Initial test loss: 9.211239967219019
Time since start: 23.603
140: time = 2.348000 loss = 8.420361 testLoss 7.215217
Jackknife: leave phyc out
Making features
makeFeatures: max memory 4294967296, total allocated 671088640, free 315014544, used 356074096, increment 250239464
Am.languida phyc: 
Regularization values: linear/quadratic/product: 1.700, categorical: 0.515, threshold: 1.910, hinge: 0.500
9 samples
Density: max memory 4294967296, total allocated 671088640, free 302797544, used 368291096, increment 12217000
linearPredictor: max memory 4294967296, total allocated 671088640, free 302717456, used 368371184, increment 80088
FeaturedSpace: max memory 4294967296, total allocated 671088640, free 302717456, used 368371184, increment 0
Sequential: max memory 4294967296, total allocated 671088640, free 302717456, used 368371184, increment 0
Initial loss: 9.211239967219019
Initial test loss: 9.211239967219019
Time since start: 25.73
120: time = 2.062000 loss = 8.396813 testLoss 7.270687
Jackknife: leave po4 out
Making features
makeFeatures: max memory 4294967296, total allocated 671088640, free 387853360, used 283235280, increment -85135904
Am.languida po4: 
Regularization values: linear/quadratic/product: 1.700, categorical: 0.515, threshold: 1.910, hinge: 0.500
9 samples
Density: max memory 4294967296, total allocated 671088640, free 375673256, used 295415384, increment 12180104
linearPredictor: max memory 4294967296, total allocated 671088640, free 375593168, used 295495472, increment 80088
FeaturedSpace: max memory 4294967296, total allocated 671088640, free 375593168, used 295495472, increment 0
Sequential: max memory 4294967296, total allocated 671088640, free 375593168, used 295495472, increment 0
Initial loss: 9.211239967219019
Initial test loss: 9.211239967219019
Time since start: 27.22
80: time = 1.427000 loss = 8.415828 testLoss 7.338071
Jackknife: leave si out
Making features
makeFeatures: max memory 4294967296, total allocated 671088640, free 300733296, used 370355344, increment 74859872
Am.languida si: 
Regularization values: linear/quadratic/product: 1.700, categorical: 0.515, threshold: 1.910, hinge: 0.500
9 samples
Density: max memory 4294967296, total allocated 671088640, free 288176256, used 382912384, increment 12557040
linearPredictor: max memory 4294967296, total allocated 671088640, free 288176256, used 382912384, increment 0
FeaturedSpace: max memory 4294967296, total allocated 671088640, free 288176256, used 382912384, increment 0
Sequential: max memory 4294967296, total allocated 671088640, free 288176256, used 382912384, increment 0
Initial loss: 9.211239967219019
Initial test loss: 9.211239967219019
Time since start: 29.948
160: time = 2.663000 loss = 8.404077 testLoss 7.305600
Jackknife: leave so out
Making features
makeFeatures: max memory 4294967296, total allocated 671088640, free 549086848, used 122001792, increment -260910592
Am.languida so: 
Regularization values: linear/quadratic/product: 1.700, categorical: 0.515, threshold: 1.910, hinge: 0.500
9 samples
Density: max memory 4294967296, total allocated 671088640, free 536908992, used 134179648, increment 12177856
linearPredictor: max memory 4294967296, total allocated 671088640, free 536828904, used 134259736, increment 80088
FeaturedSpace: max memory 4294967296, total allocated 671088640, free 536828904, used 134259736, increment 0
Sequential: max memory 4294967296, total allocated 671088640, free 536828904, used 134259736, increment 0
Initial loss: 9.211239967219019
Initial test loss: 9.211239967219019
Time since start: 33.002
180: time = 2.989000 loss = 8.461085 testLoss 7.552740
Jackknife: leave thetao out
Making features
makeFeatures: max memory 4294967296, total allocated 671088640, free 505717856, used 165370784, increment 31111048
Am.languida thetao: 
Regularization values: linear/quadratic/product: 1.700, categorical: 0.515, threshold: 1.910, hinge: 0.500
9 samples
Density: max memory 4294967296, total allocated 671088640, free 493421056, used 177667584, increment 12296800
linearPredictor: max memory 4294967296, total allocated 671088640, free 493421056, used 177667584, increment 0
FeaturedSpace: max memory 4294967296, total allocated 671088640, free 493421056, used 177667584, increment 0
Sequential: max memory 4294967296, total allocated 671088640, free 493421056, used 177667584, increment 0
Initial loss: 9.211239967219019
Initial test loss: 9.211239967219019
Time since start: 35.145
120: time = 2.076000 loss = 8.396813 testLoss 7.270687
Jackknife: only chl
Making features
makeFeatures: max memory 4294967296, total allocated 671088640, free 206788872, used 464299768, increment 286632184
Am.languida chl: 
Regularization values: linear/quadratic/product: 1.700, categorical: 0.515, threshold: 1.910, hinge: 0.500
9 samples
Density: max memory 4294967296, total allocated 671088640, free 204914512, used 466174128, increment 1874360
linearPredictor: max memory 4294967296, total allocated 671088640, free 204834424, used 466254216, increment 80088
FeaturedSpace: max memory 4294967296, total allocated 671088640, free 204834424, used 466254216, increment 0
Sequential: max memory 4294967296, total allocated 671088640, free 204834424, used 466254216, increment 0
Initial loss: 9.211239967219019
Initial test loss: 9.211239967219019
100: time = 0.405000 loss = 8.757785 testLoss 8.370042
Res.gain: 0.4534545667846839
Jackknife: only distance
Making features
makeFeatures: max memory 4294967296, total allocated 671088640, free 369184272, used 301904368, increment -164349848
Am.languida distance: 
Regularization values: linear/quadratic/product: 1.700, categorical: 0.515, threshold: 1.910, hinge: 0.500
9 samples
Density: max memory 4294967296, total allocated 671088640, free 368276024, used 302812616, increment 908248
linearPredictor: max memory 4294967296, total allocated 671088640, free 368276024, used 302812616, increment 0
FeaturedSpace: max memory 4294967296, total allocated 671088640, free 368276024, used 302812616, increment 0
Sequential: max memory 4294967296, total allocated 671088640, free 368276024, used 302812616, increment 0
Initial loss: 9.211239967219019
Initial test loss: 9.211239967219019
80: time = 0.176000 loss = 9.036488 testLoss 8.507454
Res.gain: 0.17475193653473475
Jackknife: only no3
Making features
makeFeatures: max memory 4294967296, total allocated 671088640, free 351215424, used 319873216, increment 17060600
Am.languida no3: 
Regularization values: linear/quadratic/product: 1.700, categorical: 0.515, threshold: 1.910, hinge: 0.500
9 samples
Density: max memory 4294967296, total allocated 671088640, free 349328048, used 321760592, increment 1887376
linearPredictor: max memory 4294967296, total allocated 671088640, free 349328048, used 321760592, increment 0
FeaturedSpace: max memory 4294967296, total allocated 671088640, free 349328048, used 321760592, increment 0
Sequential: max memory 4294967296, total allocated 671088640, free 349328048, used 321760592, increment 0
Initial loss: 9.211239967219019
Initial test loss: 9.211239967219019
Time since start: 36.341
160: time = 0.584000 loss = 8.581663 testLoss 7.820882
Res.gain: 0.6295767877411471
Jackknife: only o2
Making features
makeFeatures: max memory 4294967296, total allocated 671088640, free 379635744, used 291452896, increment -30307696
Am.languida o2: 
Regularization values: linear/quadratic/product: 1.700, categorical: 0.515, threshold: 1.910, hinge: 0.500
9 samples
Density: max memory 4294967296, total allocated 671088640, free 377670352, used 293418288, increment 1965392
linearPredictor: max memory 4294967296, total allocated 671088640, free 377670352, used 293418288, increment 0
FeaturedSpace: max memory 4294967296, total allocated 671088640, free 377670352, used 293418288, increment 0
Sequential: max memory 4294967296, total allocated 671088640, free 377670352, used 293418288, increment 0
Initial loss: 9.211239967219019
Initial test loss: 9.211239967219019
60: time = 0.256000 loss = 8.566034 testLoss 8.126885
Res.gain: 0.6452054735131298
Jackknife: only phyc
Making features
makeFeatures: max memory 4294967296, total allocated 671088640, free 259573816, used 411514824, increment 118096536
Am.languida phyc: 
Regularization values: linear/quadratic/product: 1.700, categorical: 0.515, threshold: 1.910, hinge: 0.500
9 samples
Density: max memory 4294967296, total allocated 671088640, free 258084480, used 413004160, increment 1489336
linearPredictor: max memory 4294967296, total allocated 671088640, free 258004392, used 413084248, increment 80088
FeaturedSpace: max memory 4294967296, total allocated 671088640, free 258004392, used 413084248, increment 0
Sequential: max memory 4294967296, total allocated 671088640, free 258004392, used 413084248, increment 0
Initial loss: 9.211239967219019
Initial test loss: 9.211239967219019
100: time = 0.395000 loss = 8.706224 testLoss 8.198044
Res.gain: 0.5050164379299122
Jackknife: only po4
Making features
makeFeatures: max memory 4294967296, total allocated 671088640, free 436350864, used 234737776, increment -178346472
Am.languida po4: 
Regularization values: linear/quadratic/product: 1.700, categorical: 0.515, threshold: 1.910, hinge: 0.500
9 samples
Density: max memory 4294967296, total allocated 671088640, free 434673760, used 236414880, increment 1677104
linearPredictor: max memory 4294967296, total allocated 671088640, free 434593672, used 236494968, increment 80088
FeaturedSpace: max memory 4294967296, total allocated 671088640, free 434593672, used 236494968, increment 0
Sequential: max memory 4294967296, total allocated 671088640, free 434593672, used 236494968, increment 0
Initial loss: 9.211239967219019
Initial test loss: 9.211239967219019
40: time = 0.168000 loss = 9.209393 testLoss 9.151825
Res.gain: 0.0018474174633933416
Jackknife: only si
Making features
makeFeatures: max memory 4294967296, total allocated 671088640, free 341311672, used 329776968, increment 93282000
Am.languida si: 
Regularization values: linear/quadratic/product: 1.700, categorical: 0.515, threshold: 1.910, hinge: 0.500
9 samples
Density: max memory 4294967296, total allocated 671088640, free 339409704, used 331678936, increment 1901968
linearPredictor: max memory 4294967296, total allocated 671088640, free 339409704, used 331678936, increment 0
FeaturedSpace: max memory 4294967296, total allocated 671088640, free 339409704, used 331678936, increment 0
Sequential: max memory 4294967296, total allocated 671088640, free 339409704, used 331678936, increment 0
Initial loss: 9.211239967219019
Initial test loss: 9.211239967219019
Time since start: 37.491
60: time = 0.293000 loss = 8.817536 testLoss 8.003621
Res.gain: 0.39370416513645345
Jackknife: only so
Making features
makeFeatures: max memory 4294967296, total allocated 671088640, free 204331520, used 466757120, increment 135078184
Am.languida so: 
Regularization values: linear/quadratic/product: 1.700, categorical: 0.515, threshold: 1.910, hinge: 0.500
9 samples
Density: max memory 4294967296, total allocated 671088640, free 202492584, used 468596056, increment 1838936
linearPredictor: max memory 4294967296, total allocated 671088640, free 202492584, used 468596056, increment 0
FeaturedSpace: max memory 4294967296, total allocated 671088640, free 202492584, used 468596056, increment 0
Sequential: max memory 4294967296, total allocated 671088640, free 202492584, used 468596056, increment 0
Initial loss: 9.211239967219019
Initial test loss: 9.211239967219019
80: time = 0.343000 loss = 8.523606 testLoss 7.518118
Res.gain: 0.6876338558717574
Jackknife: only thetao
Making features
makeFeatures: max memory 4294967296, total allocated 671088640, free 415248672, used 255839968, increment -212756088
Am.languida thetao: 
Regularization values: linear/quadratic/product: 1.700, categorical: 0.515, threshold: 1.910, hinge: 0.500
9 samples
Density: max memory 4294967296, total allocated 671088640, free 413729608, used 257359032, increment 1519064
linearPredictor: max memory 4294967296, total allocated 671088640, free 413649520, used 257439120, increment 80088
FeaturedSpace: max memory 4294967296, total allocated 671088640, free 413649520, used 257439120, increment 0
Sequential: max memory 4294967296, total allocated 671088640, free 413649520, used 257439120, increment 0
Initial loss: 9.211239967219019
Initial test loss: 9.211239967219019
100: time = 0.390000 loss = 8.724012 testLoss 8.236058
Res.gain: 0.4872284610691793
Ending
